[debug] [2026-03-02T01:17:00.545Z] ----------------------------------------------------------------------
[debug] [2026-03-02T01:17:00.547Z] Command:       C:\nvm4w\nodejs\node.exe C:\nvm4w\nodejs\node_modules\firebase-tools\lib\bin\firebase.js init
[debug] [2026-03-02T01:17:00.547Z] CLI Version:   15.8.0
[debug] [2026-03-02T01:17:00.547Z] Platform:      win32
[debug] [2026-03-02T01:17:00.547Z] Node Version:  v20.18.1
[debug] [2026-03-02T01:17:00.547Z] Time:          Sun Mar 01 2026 19:17:00 GMT-0600 (hora estándar central)
[debug] [2026-03-02T01:17:00.547Z] ----------------------------------------------------------------------
[debug] 
[info] 
     ######## #### ########  ######## ########     ###     ######  ########
     ##        ##  ##     ## ##       ##     ##  ##   ##  ##       ##
     ######    ##  ########  ######   ########  #########  ######  ######
     ##        ##  ##    ##  ##       ##     ## ##     ##       ## ##
     ##       #### ##     ## ######## ########  ##     ##  ######  ########

You're about to initialize a Firebase project in this directory:

  C:\Users\ozzys\AndroidStudioProjects\App\functions

[debug] [2026-03-02T01:18:08.376Z] ExitPromptError: User force closed the prompt with SIGINT
    at Interface.sigint (C:\Users\ozzys\AppData\Local\nvm\v20.18.1\node_modules\firebase-tools\node_modules\@inquirer\core\dist\commonjs\lib\create-prompt.js:101:37)
    at Interface.emit (node:events:518:28)
    at [_ttyWrite] [as _ttyWrite] (node:internal/readline/interface:1125:18)
    at ReadStream.onkeypress (node:internal/readline/interface:264:20)
    at ReadStream.emit (node:events:530:35)
    at emitKeys (node:internal/readline/utils:371:14)
    at emitKeys.next (<anonymous>)
    at ReadStream.onData (node:internal/readline/emitKeypressEvents:64:36)
    at ReadStream.emit (node:events:518:28)
    at addChunk (node:internal/streams/readable:561:12)
[error] 
[error] Error: An unexpected error has occurred.
